<?xml version="1.0" encoding="UTF-8"?>
<!-- Generated by org.testng.reporters.JUnitXMLReporter -->
<testsuite ignored="0" hostname="WINDN185059-VGT" failures="1" tests="2" name="Command line test" time="7.124" errors="0" timestamp="2019-09-18T17:08:58 IST">
  <testcase classname="StepDefination.StepTest" name="i_click_on_home_button" time="0.016">
    <failure type="java.lang.NullPointerException">
      <![CDATA[java.lang.NullPointerException
at StepDefination.StepTest.i_click_on_home_button(StepTest.java:51)
at java.base/java.util.ArrayList.forEach(ArrayList.java:1540)
... Removed 37 stack frames]]>
    </failure>
  </testcase> <!-- i_click_on_home_button -->
  <testcase classname="StepDefination.StepTest" name="open_chrome_and_start_application" time="7.055"/>
</testsuite> <!-- Command line test -->
