-------------------------------------------------------------------------------
Test set: TestSuite
-------------------------------------------------------------------------------
Tests run: 2, Failures: 1, Errors: 0, Skipped: 0, Time elapsed: 8.153 sec <<< FAILURE!
i_click_on_home_button(StepDefination.StepTest)  Time elapsed: 0.022 sec  <<< FAILURE!
java.lang.NullPointerException
	at StepDefination.StepTest.i_click_on_home_button(StepTest.java:51)

