<?xml version="1.0" encoding="UTF-8"?>
<!-- Generated by org.testng.reporters.JUnitXMLReporter -->
<testsuite hostname="WINHM185100-ZIR" ignored="0" name="Default test" tests="17" failures="0" timestamp="2019-09-18T20:22:56 IST" time="67.01" errors="0">
  <testcase name="a_open_chrome_and_start_application" time="7.547" classname="StepDefination.StepTest"/>
  <testcase name="b_i_click_on_home_button" time="1.996" classname="StepDefination.StepTest"/>
  <testcase name="c_user_should_be_able_to_see_welcome_on_page" time="0.02" classname="StepDefination.StepTest"/>
  <testcase name="e_i_click_on_Findowners_link" time="0.397" classname="StepDefination.StepTest"/>
  <testcase name="h_i_click_on_Addowner_button" time="5.357" classname="StepDefination.StepTest"/>
  <testcase name="j_i_user_should_be_able_to_see_NewOwner_text_on_page" time="0.014" classname="StepDefination.StepTest"/>
  <testcase name="k_on_NewOwner_page" time="0.001" classname="StepDefination.StepTest"/>
  <testcase name="l_i_enter_on_firstname_textbox" time="5.066" classname="StepDefination.StepTest"/>
  <testcase name="m_i_enter_on_lastname_textbox" time="5.054" classname="StepDefination.StepTest"/>
  <testcase name="n_i_enter_on_Address_textbox" time="5.09" classname="StepDefination.StepTest"/>
  <testcase name="o_i_enter_on_city_textbox" time="5.065" classname="StepDefination.StepTest"/>
  <testcase name="p_i_enter_on_telephone_textbox" time="5.067" classname="StepDefination.StepTest"/>
  <testcase name="q_i_click_on_AddOwner_button" time="5.808" classname="StepDefination.StepTest"/>
  <testcase name="r_user_should_be_able_to_see_OwnerInformation_text_on_page" time="0.015" classname="StepDefination.StepTest"/>
  <testcase name="t_i_clicked_on_Findowners_link" time="5.325" classname="StepDefination.StepTest"/>
  <testcase name="u_i_click_on_FindOwner_button" time="10.11" classname="StepDefination.StepTest"/>
  <testcase name="v_user_should_be_able_to_see_Owners_information_on_page" time="5.015" classname="StepDefination.StepTest"/>
</testsuite> <!-- Default test -->
