<?xml version="1.0" encoding="UTF-8"?>
<!-- Generated by org.testng.reporters.JUnitXMLReporter -->
<testsuite hostname="WINHM185100-ZIR" ignored="0" name="petclinic" tests="2" failures="1" timestamp="2019-09-18T16:05:38 IST" time="8.003" errors="0">
  <testcase name="i_click_on_home_button" time="0.017" classname="StepDefination.StepTest">
    <failure type="java.lang.NullPointerException">
      <![CDATA[java.lang.NullPointerException
at StepDefination.StepTest.i_click_on_home_button(StepTest.java:51)
at java.util.ArrayList.forEach(Unknown Source)
at java.util.concurrent.FutureTask.run(Unknown Source)
at java.util.concurrent.ThreadPoolExecutor.runWorker(Unknown Source)
at java.util.concurrent.ThreadPoolExecutor$Worker.run(Unknown Source)
at java.lang.Thread.run(Unknown Source)
... Removed 18 stack frames]]>
    </failure>
  </testcase> <!-- i_click_on_home_button -->
  <testcase name="open_chrome_and_start_application" time="7.929" classname="StepDefination.StepTest"/>
</testsuite> <!-- petclinic -->
