<?xml version="1.0" encoding="UTF-8"?>
<!-- Generated by org.testng.reporters.JUnitXMLReporter -->
<testsuite hostname="WINHM185100-ZIR" ignored="0" name="petclinic" tests="18" failures="0" timestamp="2019-09-18T20:31:51 IST" time="71.731" errors="0">
  <testcase name="a_open_chrome_and_start_application" time="6.61" classname="StepDefination.StepTest"/>
  <testcase name="b_i_click_on_home_button" time="1.762" classname="StepDefination.StepTest"/>
  <testcase name="c_user_should_be_able_to_see_welcome_on_page" time="0.02" classname="StepDefination.StepTest"/>
  <testcase name="e_i_click_on_Findowners_link" time="0.358" classname="StepDefination.StepTest"/>
  <testcase name="h_i_click_on_Addowner_button" time="5.342" classname="StepDefination.StepTest"/>
  <testcase name="j_i_user_should_be_able_to_see_NewOwner_text_on_page" time="0.014" classname="StepDefination.StepTest"/>
  <testcase name="k_on_NewOwner_page" time="0.001" classname="StepDefination.StepTest"/>
  <testcase name="l_i_enter_on_firstname_textbox" time="5.065" classname="StepDefination.StepTest"/>
  <testcase name="m_i_enter_on_lastname_textbox" time="5.055" classname="StepDefination.StepTest"/>
  <testcase name="n_i_enter_on_Address_textbox" time="5.082" classname="StepDefination.StepTest"/>
  <testcase name="o_i_enter_on_city_textbox" time="5.063" classname="StepDefination.StepTest"/>
  <testcase name="p_i_enter_on_telephone_textbox" time="5.07" classname="StepDefination.StepTest"/>
  <testcase name="q_i_click_on_AddOwner_button" time="5.864" classname="StepDefination.StepTest"/>
  <testcase name="r_user_should_be_able_to_see_OwnerInformation_text_on_page" time="0.014" classname="StepDefination.StepTest"/>
  <testcase name="t_i_clicked_on_Findowners_link" time="5.346" classname="StepDefination.StepTest"/>
  <testcase name="u_i_click_on_FindOwner_button" time="15.127" classname="StepDefination.StepTest"/>
  <testcase name="v_user_should_be_able_to_see_Owners_information_on_page" time="5.016" classname="StepDefination.StepTest"/>
  <testcase name="w_afterScenario" time="0.875" classname="StepDefination.StepTest"/>
</testsuite> <!-- petclinic -->
